[Mon, 25. Dec 2017 14:28:32 PST | ID 355490734000046081] Redneck_crazy04: say Hi
[Mon, 25. Dec 2017 14:28:39 PST | ID 355490734000046081] Redneck_crazy04: legit
[Mon, 25. Dec 2017 14:28:48 PST | ID 355490734000046081] Redneck_crazy04: say logic
[Mon, 25. Dec 2017 14:30:24 PST | ID 394273339327119360] moe: say §3FUCK ME IN THE ASSHOLE
[Mon, 25. Dec 2017 14:30:51 PST | ID 394273339327119360] moe: say §3FUCK §3ME §3IN §3THE §3ASSHOLE
[Mon, 25. Dec 2017 14:33:22 PST | ID 394273339327119360] moe: plugman reload chatmanager
[Mon, 25. Dec 2017 14:35:39 PST | ID 394273339327119360] moe: pex group Operator add ChatManager.*
[Mon, 25. Dec 2017 14:35:55 PST | ID 394273339327119360] moe: permissionsex reload
[Mon, 25. Dec 2017 14:36:08 PST | ID 394273339327119360] moe: unban glitchlord
[Mon, 25. Dec 2017 14:36:38 PST | ID 394273339327119360] moe: pardon glitchlord
[Mon, 25. Dec 2017 14:43:19 PST | ID 394273339327119360] moe: pex group Operator add minecraft.command.selector
[Mon, 25. Dec 2017 14:43:59 PST | ID 355490734000046081] Redneck_crazy04: !summon
[Mon, 25. Dec 2017 14:44:00 PST | ID 235088799074484224] Rythm: ❌ **You have to be in a voice channel to use this command.**
[Mon, 25. Dec 2017 14:44:34 PST | ID 355490734000046081] Redneck_crazy04: !summon
[Mon, 25. Dec 2017 14:44:34 PST | ID 235088799074484224] Rythm: 👍 **Joined** `skyblock` :page_facing_up: **And bound to** `console`
[Mon, 25. Dec 2017 14:44:40 PST | ID 355490734000046081] Redneck_crazy04: !play rockstar
[Mon, 25. Dec 2017 14:44:40 PST | ID 235088799074484224] Rythm: :youtube: **Searching** 🔎 `rockstar`
[Mon, 25. Dec 2017 14:44:41 PST | ID 235088799074484224] Rythm: **Playing** 🎶 `Post Malone - rockstar ft. 21 Savage` - Now!
[Mon, 25. Dec 2017 14:45:37 PST | ID 394273339327119360] moe: plugman reload discordsrv
[Mon, 25. Dec 2017 16:00:05 PST | ID 394273339327119360] moe: give @p minecraft:skull 1 3 {SkullOwner:redneck_crazy04}
[Mon, 25. Dec 2017 16:01:49 PST | ID 394273339327119360] moe: give @p minecraft:skull 1 3 {SkullOwner:darthbelac859}
[Mon, 25. Dec 2017 16:02:09 PST | ID 394273339327119360] moe: give @p minecraft:skull 1 3 {SkullOwner:glitchlord}
[Mon, 25. Dec 2017 16:19:09 PST | ID 394273339327119360] moe: say fuck off you bloody piece of shit
[Mon, 25. Dec 2017 16:19:09 PST | ID 172002275412279296] Tatsumaki: 🆙  |  **moe leveled up!**
[Mon, 25. Dec 2017 16:33:54 PST | ID 394273339327119360] moe: ban redneckcrazy04
[Mon, 25. Dec 2017 16:33:59 PST | ID 394273339327119360] moe: pardon glitchlord
[Mon, 25. Dec 2017 16:34:11 PST | ID 394273339327119360] moe: ban redneck_crazy04
[Mon, 25. Dec 2017 16:34:11 PST | ID 394273339327119360] moe: asf
[Mon, 25. Dec 2017 16:34:45 PST | ID 355490734000046081] Redneck_crazy04: pardon redneck_crazy04
