[18:21:06] [Server thread/INFO]: Starting minecraft server version 1.12.2
[18:21:06] [Server thread/INFO]: Loading properties
[18:21:06] [Server thread/INFO]: Default game type: SURVIVAL
[18:21:06] [Server thread/INFO]: This server is running CraftBukkit version git-Spigot-549c1fa-45c8386 (MC: 1.12.2) (Implementing API version 1.12.2-R0.1-SNAPSHOT)
[18:21:07] [Server thread/INFO]: Debug logging is disabled
[18:21:07] [Server thread/INFO]: Using 4 threads for Netty based IO
[18:21:07] [Server thread/INFO]: Server Ping Player Sample Count: 12
[18:21:07] [Server thread/INFO]: Generating keypair
[18:21:07] [Server thread/INFO]: Starting Minecraft server on redneckdomain:25565
[18:21:07] [Server thread/INFO]: Using default channel type
[18:21:07] [Server thread/INFO]: Set PluginClassLoader as parallel capable
[18:21:07] [Server thread/ERROR]: ebean.properties not found
[18:21:07] [Server thread/INFO]: DataSourcePool [Gringotts] autoCommit[false] transIsolation[SERIALIZABLE] min[2] max[20]
[18:21:09] [Server thread/INFO]: SubClassFactory parent ClassLoader [org.bukkit.plugin.java.PluginClassLoader]
[18:21:11] [Server thread/INFO]: Entities enhanced[0] subclassed[2]
[18:21:11] [Server thread/INFO]: Reflections took 183 ms to scan 14 urls, producing 13 keys and 21 values 
[18:21:11] [Server thread/INFO]: [tpa] Loading tpa v1.0
[18:21:11] [Server thread/INFO]: [WorldEdit] Loading WorldEdit v6.1.8-SNAPSHOT;cd4729f
[18:21:11] [Server thread/INFO]: [MinePacks] Loading MinePacks v1.17.6
[18:21:11] [Server thread/INFO]: [PermissionsEx] Loading PermissionsEx v1.23.4
[18:21:11] [Server thread/INFO]: [Fly] Loading Fly v1.1
[18:21:11] [Server thread/INFO]: [MCManager] Loading MCManager v3.0.1
[18:21:11] [Server thread/INFO]: [PlugMan] Loading PlugMan v2.1.4
[18:21:11] [Server thread/INFO]: [Gringotts] Loading Gringotts v2.10-SNAPSHOT
[18:21:11] [Server thread/INFO]: [WorldSpawn] Loading WorldSpawn v1.1
[18:21:11] [Server thread/INFO]: [NoMelt] Loading NoMelt v1.0.0
[18:21:11] [Server thread/INFO]: [Vault] Loading Vault v1.6.1
[18:21:11] [Server thread/INFO]: [Warps] Loading Warps v8.2
[18:21:11] [Server thread/INFO]: [ChatManager] Loading ChatManager v48.1.12
[18:21:11] [Server thread/INFO]: [OreGenerator] Loading OreGenerator v2.0
[18:21:11] [Server thread/INFO]: [InstantReset] Loading InstantReset v1.9-antony
[18:21:11] [Server thread/INFO]: [EnjinMinecraftPlugin] Loading EnjinMinecraftPlugin v3.4.3
[18:21:11] [Server thread/INFO]: [MultiWorld] Loading MultiWorld v5.2.8
[18:21:11] [Server thread/INFO]: [ASkyBlock] Loading ASkyBlock v3.0.8.2
[18:21:11] [Server thread/INFO]: [DiscordSRV] Loading DiscordSRV v15.4
[18:21:11] [Server thread/INFO]: [Jobs] Loading Jobs v4.2.1
[18:21:11] [Server thread/INFO]: [SignShop] Loading SignShop v2.11.2
[18:21:11] [Server thread/INFO]: [SignShopHotel] Loading SignShopHotel v1.2.0
[18:21:11] [Server thread/INFO]: [Gringotts] Enabling Gringotts v2.10-SNAPSHOT
[18:21:11] [Server thread/INFO]: [Gringotts] Found Bukkit version: 1.12.2-R0.1-SNAPSHOT. All features enabled.
[18:21:11] [Server thread/INFO]: [Gringotts] Unable to hook plugin Factions
[18:21:11] [Server thread/WARN]: [Gringotts] Unable to load Factions handler because your version of Factions is not compatible with Gringotts. Factions support will not work
[18:21:11] [Server thread/INFO]: [Gringotts] Unable to hook plugin Towny
[18:21:11] [Server thread/WARN]: [Gringotts] Unable to load Towny handler. Towny support will not work
[18:21:11] [Server thread/INFO]: [Gringotts] Plugin Vault hooked.
[18:21:11] [Server thread/INFO]: [Gringotts] Unable to hook plugin WorldGuard
[18:21:11] [Server thread/INFO]: [Gringotts] Registered Vault interface.
[18:21:12] [Server thread/INFO]: [Vault] Enabling Vault v1.6.1
[18:21:12] [Server thread/INFO]: [Vault][Economy] Gringotts hooked.
[18:21:12] [Server thread/INFO]: [Vault] [Economy] Gringotts found: Loaded
[18:21:12] [Server thread/INFO]: [Vault] [Permission] PermissionsEx found: Waiting
[18:21:12] [Server thread/INFO]: [Vault] [Permission] SuperPermissions loaded as backup permission system.
[18:21:12] [Server thread/INFO]: [Vault] [Chat] PermissionsEx found: Waiting
[18:21:12] [Server thread/INFO]: [Vault] Plugin enabled (49ms)
[18:21:12] [Server thread/INFO]: [ASkyBlock] Enabling ASkyBlock v3.0.8.2
[18:21:12] [Server thread/INFO]: [ASkyBlock] Loading entity limits
[18:21:12] [Server thread/INFO]: [ASkyBlock] HOPPER will be limited to 30
[18:21:12] [Server thread/INFO]: [ASkyBlock] Loaded default island schematic.
[18:21:12] [Server thread/INFO]: [ASkyBlock] Loaded default nether schematic.
[18:21:12] [Server thread/INFO]: [ASkyBlock] Loading schematic The Original (island.schematic) for all players, order 1
[18:21:12] [Server thread/INFO]: [ASkyBlock] Loading schematic NetherBlock Island (nether.schematic) for all players, order 0
[18:21:12] [Server thread/INFO]: [ASkyBlock] Loading schematic Island Duo (double.schematic) for all players, order 2
[18:21:12] [Server thread/INFO]: [ASkyBlock] Loading schematic §lBlack §bDiamonds (harder.schematic) for all players, order 3
[18:21:12] [Server thread/INFO]: [ASkyBlock] Loading offline messages...
[18:21:12] [Server thread/INFO]: **** Beginning UUID conversion, this may take A LONG time ****
[18:21:12] [Server thread/INFO]: Preparing level "world"
[18:21:12] [Server thread/INFO]: -------- World Settings For [world] --------
[18:21:12] [Server thread/INFO]: Item Merge Radius: 2.5
[18:21:12] [Server thread/INFO]: Item Despawn Rate: 6000
[18:21:12] [Server thread/INFO]: Allow Zombie Pigmen to spawn from portal blocks: true
[18:21:12] [Server thread/INFO]: Arrow Despawn Rate: 1200
[18:21:12] [Server thread/INFO]: View Distance: 10
[18:21:12] [Server thread/INFO]: Zombie Aggressive Towards Villager: true
[18:21:12] [Server thread/INFO]: Experience Merge Radius: 3.0
[18:21:12] [Server thread/INFO]: Nerfing mobs spawned from spawners: false
[18:21:12] [Server thread/INFO]: Max TNT Explosions: 100
[18:21:12] [Server thread/INFO]: Entity Tracking Range: Pl 48 / An 48 / Mo 48 / Mi 32 / Other 64
[18:21:12] [Server thread/INFO]: Mob Spawn Range: 4
[18:21:12] [Server thread/INFO]: Tile Max Tick Time: 50ms Entity max Tick Time: 50ms
[18:21:12] [Server thread/INFO]: Hopper Transfer: 32 Hopper Check: 1 Hopper Amount: 1
[18:21:12] [Server thread/INFO]: Cactus Growth Modifier: 5000%
[18:21:12] [Server thread/INFO]: Cane Growth Modifier: 8000%
[18:21:12] [Server thread/INFO]: Melon Growth Modifier: 7000%
[18:21:12] [Server thread/INFO]: Mushroom Growth Modifier: 100%
[18:21:12] [Server thread/INFO]: Pumpkin Growth Modifier: 7000%
[18:21:12] [Server thread/INFO]: Sapling Growth Modifier: 100%
[18:21:12] [Server thread/INFO]: Wheat Growth Modifier: 500%
[18:21:12] [Server thread/INFO]: NetherWart Growth Modifier: 100%
[18:21:12] [Server thread/INFO]: Vine Growth Modifier: 50%
[18:21:12] [Server thread/INFO]: Cocoa Growth Modifier: 5000%
[18:21:12] [Server thread/INFO]: Random Lighting Updates: false
[18:21:12] [Server thread/INFO]: Structure Info Saving: true
[18:21:12] [Server thread/INFO]: Entity Activation Range: An 32 / Mo 32 / Mi 16
[18:21:12] [Server thread/INFO]: Custom Map Seeds:  Village: 10387312 Feature: 14357617 Monument: 10387313 Slime: 987234911
[18:21:13] [Server thread/INFO]: -------- World Settings For [world_nether] --------
[18:21:13] [Server thread/INFO]: Item Merge Radius: 2.5
[18:21:13] [Server thread/INFO]: Item Despawn Rate: 6000
[18:21:13] [Server thread/INFO]: Allow Zombie Pigmen to spawn from portal blocks: true
[18:21:13] [Server thread/INFO]: Arrow Despawn Rate: 1200
[18:21:13] [Server thread/INFO]: View Distance: 10
[18:21:13] [Server thread/INFO]: Zombie Aggressive Towards Villager: true
[18:21:13] [Server thread/INFO]: Experience Merge Radius: 3.0
[18:21:13] [Server thread/INFO]: Nerfing mobs spawned from spawners: false
[18:21:13] [Server thread/INFO]: Max TNT Explosions: 100
[18:21:13] [Server thread/INFO]: Entity Tracking Range: Pl 48 / An 48 / Mo 48 / Mi 32 / Other 64
[18:21:13] [Server thread/INFO]: Mob Spawn Range: 4
[18:21:13] [Server thread/INFO]: Tile Max Tick Time: 50ms Entity max Tick Time: 50ms
[18:21:13] [Server thread/INFO]: Hopper Transfer: 32 Hopper Check: 1 Hopper Amount: 1
[18:21:13] [Server thread/INFO]: Cactus Growth Modifier: 5000%
[18:21:13] [Server thread/INFO]: Cane Growth Modifier: 8000%
[18:21:13] [Server thread/INFO]: Melon Growth Modifier: 7000%
[18:21:13] [Server thread/INFO]: Mushroom Growth Modifier: 100%
[18:21:13] [Server thread/INFO]: Pumpkin Growth Modifier: 7000%
[18:21:13] [Server thread/INFO]: Sapling Growth Modifier: 100%
[18:21:13] [Server thread/INFO]: Wheat Growth Modifier: 500%
[18:21:13] [Server thread/INFO]: NetherWart Growth Modifier: 100%
[18:21:13] [Server thread/INFO]: Vine Growth Modifier: 50%
[18:21:13] [Server thread/INFO]: Cocoa Growth Modifier: 5000%
[18:21:13] [Server thread/INFO]: Random Lighting Updates: false
[18:21:13] [Server thread/INFO]: Structure Info Saving: true
[18:21:13] [Server thread/INFO]: Entity Activation Range: An 32 / Mo 32 / Mi 16
[18:21:13] [Server thread/INFO]: Custom Map Seeds:  Village: 10387312 Feature: 14357617 Monument: 10387313 Slime: 987234911
[18:21:13] [Server thread/INFO]: -------- World Settings For [world_the_end] --------
[18:21:13] [Server thread/INFO]: Item Merge Radius: 2.5
[18:21:13] [Server thread/INFO]: Item Despawn Rate: 6000
[18:21:13] [Server thread/INFO]: Allow Zombie Pigmen to spawn from portal blocks: true
[18:21:13] [Server thread/INFO]: Arrow Despawn Rate: 1200
[18:21:13] [Server thread/INFO]: View Distance: 10
[18:21:13] [Server thread/INFO]: Zombie Aggressive Towards Villager: true
[18:21:13] [Server thread/INFO]: Experience Merge Radius: 3.0
[18:21:13] [Server thread/INFO]: Nerfing mobs spawned from spawners: false
[18:21:13] [Server thread/INFO]: Max TNT Explosions: 100
[18:21:13] [Server thread/INFO]: Entity Tracking Range: Pl 48 / An 48 / Mo 48 / Mi 32 / Other 64
[18:21:13] [Server thread/INFO]: Mob Spawn Range: 4
[18:21:13] [Server thread/INFO]: Tile Max Tick Time: 50ms Entity max Tick Time: 50ms
[18:21:13] [Server thread/INFO]: Hopper Transfer: 32 Hopper Check: 1 Hopper Amount: 1
[18:21:13] [Server thread/INFO]: Cactus Growth Modifier: 5000%
[18:21:13] [Server thread/INFO]: Cane Growth Modifier: 8000%
[18:21:13] [Server thread/INFO]: Melon Growth Modifier: 7000%
[18:21:13] [Server thread/INFO]: Mushroom Growth Modifier: 100%
[18:21:13] [Server thread/INFO]: Pumpkin Growth Modifier: 7000%
[18:21:13] [Server thread/INFO]: Sapling Growth Modifier: 100%
[18:21:13] [Server thread/INFO]: Wheat Growth Modifier: 500%
[18:21:13] [Server thread/INFO]: NetherWart Growth Modifier: 100%
[18:21:13] [Server thread/INFO]: Vine Growth Modifier: 50%
[18:21:13] [Server thread/INFO]: Cocoa Growth Modifier: 5000%
[18:21:13] [Server thread/INFO]: Random Lighting Updates: false
[18:21:13] [Server thread/INFO]: Structure Info Saving: true
[18:21:13] [Server thread/INFO]: Entity Activation Range: An 32 / Mo 32 / Mi 16
[18:21:13] [Server thread/INFO]: Custom Map Seeds:  Village: 10387312 Feature: 14357617 Monument: 10387313 Slime: 987234911
[18:21:13] [Server thread/INFO]: Preparing start region for level 0 (Seed: -3284846687822348625)
[18:21:13] [Server thread/INFO]: Preparing start region for level 1 (Seed: -3497403547101501287)
[18:21:14] [Server thread/INFO]: Preparing start region for level 2 (Seed: -3497403547101501287)
[18:21:14] [Server thread/INFO]: [tpa] Enabling tpa v1.0
[18:21:14] [Server thread/INFO]: [tpa] Successfully enabled version 1.0!
[18:21:14] [Server thread/INFO]: [WorldEdit] Enabling WorldEdit v6.1.8-SNAPSHOT;cd4729f
[18:21:14] [Server thread/INFO]: WEPIF: Using the Bukkit Permissions API.
[18:21:15] [Server thread/INFO]: [WorldEdit] Using com.sk89q.worldedit.bukkit.adapter.impl.Spigot_v1_12_R2 as the Bukkit adapter
[18:21:15] [Server thread/INFO]: [MinePacks] Enabling MinePacks v1.17.6
[18:21:15] [Server thread/INFO]: [MinePacks] Configuration Version: 15 => Configuration outdated! Upgrading ...
[18:21:15] [Server thread/INFO]: [MinePacks] No config found. Create new one ...
[18:21:15] [Server thread/INFO]: [MinePacks] Configuration extracted successfully!
[18:21:15] [Server thread/INFO]: [MinePacks] Configuration has been updated.
[18:21:15] [Server thread/INFO]: Minepacks-Connection-Pool - is starting.
[18:21:15] [Server thread/INFO]: [MinePacks] Checking for updates ...
[18:21:15] [Server thread/INFO]: [MinePacks] MinePacks has been enabled!
[18:21:15] [Server thread/INFO]: [PermissionsEx] Enabling PermissionsEx v1.23.4
[18:21:15] [Server thread/INFO]: [PermissionsEx] Initializing file backend
[18:21:15] [Server thread/INFO]: [PermissionsEx] Permissions file successfully reloaded
[18:21:15] [Server thread/INFO]: WEPIF: PermissionsEx detected! Using PermissionsEx for permissions.
[18:21:15] [Server thread/INFO]: [Vault][Permission] PermissionsEx hooked.
[18:21:15] [Server thread/INFO]: [Vault][Chat] PermissionsEx_Chat hooked.
[18:21:15] [Server thread/INFO]: [Fly] Enabling Fly v1.1
[18:21:15] [Server thread/INFO]: [Fly] Fly has been enabled!
[18:21:15] [Server thread/INFO]: [MCManager] Enabling MCManager v3.0.1
[18:21:15] [Server thread/WARN]: [MCManager] Dependency ProtocolLib not found. Please install it to use all functions.
[18:21:15] [Server thread/INFO]: [MCManager] Everything is working fine. Enabling API now.
[18:21:15] [Server thread/INFO]: [Translator] Loaded language 'English(United States)' into cache for Plugin 'MCManager'
[18:21:15] [Server thread/INFO]: [MCManager] Loaded en_US as the default language.
[18:21:15] [Server thread/INFO]: [MCManager] Starting automated backup...
[18:21:15] [Server thread/INFO]: [MCManager] Automatic Backup is currently set to 30 minutes. You can change this in the config.
[18:21:15] [Server thread/INFO]: [MCManager] Starting WebServer on port 8,282 ...
[18:21:15] [Server thread/INFO]: [MCManager] Checking for Plugin Updates...
[18:21:15] [Server thread/INFO]: [PlugMan] Enabling PlugMan v2.1.4
[18:21:15] [Server thread/INFO]: [WorldSpawn] Enabling WorldSpawn v1.1
[18:21:15] [Server thread/INFO]: [WorldSpawn] Hello server!
[18:21:15] [Server thread/INFO]: [WorldSpawn] World Spawn by Bluecoaster455 v1.1
[18:21:15] [Server thread/INFO]: [NoMelt] Enabling NoMelt v1.0.0
[18:21:15] [Server thread/INFO]: [NoMelt] Enabled
[18:21:15] [Server thread/INFO]: [NoMelt] - Melting is disabled.
[18:21:15] [Server thread/INFO]: [NoMelt] - Ice will drop
[18:21:15] [Server thread/INFO]: [NoMelt] - Freezing is Disabled.
[18:21:15] [Server thread/INFO]: [NoMelt] - Ice will NOT turn to water upon breaking.
[18:21:15] [Server thread/INFO]: [Warps] Enabling Warps v8.2
[18:21:15] [Server thread/INFO]: [Warps] Plugin has been activated!
[18:21:15] [Server thread/INFO]: [ChatManager] Enabling ChatManager v48.1.12
[18:21:15] [Server thread/INFO]: [0;32;1m[21mChatManager [0;37;22m[21m>> [0;32;1mPlugin Has Been Enabled.[m
[18:21:15] [Server thread/INFO]: [0;32;1m[21mChatManager [0;37;22m[21m>> [0;33;1mPlugin By:[0;33;22m A_Brave_Panda[m
[18:21:15] [Server thread/INFO]: [0;32;1m[21mChatManager [0;37;22m[21m>> [0;32;1mPermissionsEx Enabled[m
[18:21:15] [Server thread/INFO]: [OreGenerator] Enabling OreGenerator v2.0
[18:21:15] [Server thread/INFO]: [InstantReset] Enabling InstantReset v1.9-antony
[18:21:15] [Server thread/ERROR]: [InstantReset] Unsupported server version: git-Spigot-549c1fa-45c8386 (MC: 1.12.2)
[18:21:15] [Server thread/INFO]: [InstantReset] Disabling InstantReset v1.9-antony
[18:21:15] [Server thread/INFO]: [EnjinMinecraftPlugin] Enabling EnjinMinecraftPlugin v3.4.3
[18:21:15] [Server thread/INFO]: Initializing for the first time.
[18:21:15] [Server thread/INFO]: Log4j 2 handler detected: com.enjin.common.compatibility.CurrentLog4j2Handler
[18:21:16] [Server thread/INFO]: Reflections took 49 ms to scan 1 urls, producing 2 keys and 10 values 
[18:21:16] [Server thread/INFO]: [MultiWorld] Enabling MultiWorld v5.2.8
[18:21:16] [Server thread/INFO]: -------- World Settings For [survival] --------
[18:21:16] [Server thread/INFO]: Item Merge Radius: 2.5
[18:21:16] [Server thread/INFO]: Item Despawn Rate: 6000
[18:21:16] [Server thread/INFO]: Allow Zombie Pigmen to spawn from portal blocks: true
[18:21:16] [Server thread/INFO]: Arrow Despawn Rate: 1200
[18:21:16] [Server thread/INFO]: View Distance: 10
[18:21:16] [Server thread/INFO]: Zombie Aggressive Towards Villager: true
[18:21:16] [Server thread/INFO]: Experience Merge Radius: 3.0
[18:21:16] [Server thread/INFO]: Nerfing mobs spawned from spawners: false
[18:21:16] [Server thread/INFO]: Max TNT Explosions: 100
[18:21:16] [Server thread/INFO]: Entity Tracking Range: Pl 48 / An 48 / Mo 48 / Mi 32 / Other 64
[18:21:16] [Server thread/INFO]: Mob Spawn Range: 4
[18:21:16] [Server thread/INFO]: Tile Max Tick Time: 50ms Entity max Tick Time: 50ms
[18:21:16] [Server thread/INFO]: Hopper Transfer: 32 Hopper Check: 1 Hopper Amount: 1
[18:21:16] [Server thread/INFO]: Cactus Growth Modifier: 5000%
[18:21:16] [Server thread/INFO]: Cane Growth Modifier: 8000%
[18:21:16] [Server thread/INFO]: Melon Growth Modifier: 7000%
[18:21:16] [Server thread/INFO]: Mushroom Growth Modifier: 100%
[18:21:16] [Server thread/INFO]: Pumpkin Growth Modifier: 7000%
[18:21:16] [Server thread/INFO]: Sapling Growth Modifier: 100%
[18:21:16] [Server thread/INFO]: Wheat Growth Modifier: 500%
[18:21:16] [Server thread/INFO]: NetherWart Growth Modifier: 100%
[18:21:16] [Server thread/INFO]: Vine Growth Modifier: 50%
[18:21:16] [Server thread/INFO]: Cocoa Growth Modifier: 5000%
[18:21:16] [Server thread/INFO]: Random Lighting Updates: false
[18:21:16] [Server thread/INFO]: Structure Info Saving: true
[18:21:16] [Server thread/INFO]: Entity Activation Range: An 32 / Mo 32 / Mi 16
[18:21:16] [Server thread/INFO]: Custom Map Seeds:  Village: 10387312 Feature: 14357617 Monument: 10387313 Slime: 987234911
[18:21:16] [Server thread/INFO]: Preparing start region for level 3 (Seed: 6741938721861968436)
[18:21:16] [Server thread/INFO]: [MultiWorld] [PortalHandler] loaded!
[18:21:16] [Server thread/INFO]: [MultiWorld] [PortalHandler] loaded!
[18:21:16] [Server thread/INFO]: [MultiWorld] v5.2.8 enabled.
[18:21:16] [Server thread/INFO]: [DiscordSRV] Enabling DiscordSRV v15.4
[18:21:16] [Server thread/INFO]: [Jobs] Enabling Jobs v4.2.1
[18:21:16] [Server thread/INFO]: [0;33;1m[Jobs] Loaded 8 titles![m
[18:21:16] [Server thread/INFO]: [0;33;1m[Jobs] Loaded 0 restricted areas![m
[18:21:16] [Server thread/INFO]: [0;33;1m[Jobs] Loaded 49 protected blocks timers![m
[18:21:17] [Server thread/INFO]: [0;33;1m[Jobs] Loaded 641 custom item names![m
[18:21:17] [Server thread/INFO]: [0;33;1m[Jobs] Loaded 41 custom entity names![m
[18:21:17] [Server thread/INFO]: [0;33;1m[Jobs] Loaded 27 custom enchant names![m
[18:21:17] [Server thread/INFO]: [0;33;1m[Jobs] Loaded 16 custom color names![m
[18:21:17] [Server thread/INFO]: [0;33;1m[Jobs] 4 shop items loaded![m
[18:21:17] [Server thread/INFO]: [0;33;1m[Jobs] Loaded 12 jobs![m
[18:21:17] [Server thread/INFO]: [0;33;1m[Jobs] Explorer job manager registered![m
[18:21:17] [Jobs-DatabaseSaveTask/INFO]: [0;33;1m[Jobs] Started database save task.[m
[18:21:17] [Jobs-BufferedPaymentThread/INFO]: [0;33;1m[Jobs] Started buffered payment thread.[m
[18:21:17] [Server thread/INFO]: [0;33;1m[Jobs] Loaded 0 schedulers![m
[18:21:17] [Server thread/INFO]: [0;33;1m[Jobs] Preloaded 2 players data in 0.0[m
[18:21:17] [Server thread/INFO]: [0;33;1m[Jobs] Loading explorer data[m
[18:21:17] [Server thread/INFO]: [0;33;1m[Jobs] Loaded explorer data (335)[m
[18:21:17] [Server thread/INFO]: [0;33;1m[Jobs] Plugin has been enabled succesfully.[m
[18:21:17] [Server thread/INFO]: [SignShop] Enabling SignShop v2.11.2
[18:21:17] [Server thread/INFO]: [SignShop] Succesfully started Metrics, see http://mcstats.org for more information.
[18:21:17] [DiscordSRV - Initialization/INFO]: [DiscordSRV] DiscordSRV is up-to-date. (de213ef335b25df6d667b19e7d339cd5b6f4d0bc)
[18:21:17] [Server thread/INFO]: [SignShop] Removed an invalid Shop! It should be in 'ASkyBlock' at (-9, 126, 193).
[18:21:17] [Server thread/INFO]: [SignShop] Removed an invalid Shop! It should be in 'ASkyBlock' at (-12, 127, 193).
[18:21:17] [Server thread/INFO]: [SignShop] Removed an invalid Shop! It should be in 'ASkyBlock' at (-17, 124, 187).
[18:21:17] [Server thread/INFO]: [SignShop] Removed an invalid Shop! It should be in 'ASkyBlock' at (-17, 124, 183).
[18:21:17] [Server thread/INFO]: [SignShop] Removed an invalid Shop! It should be in 'ASkyBlock' at (-10, 127, 193).
[18:21:17] [Server thread/INFO]: [SignShop] Removed an invalid Shop! It should be in 'ASkyBlock' at (-14, 128, 193).
[18:21:18] [DiscordSRV - Initialization/INFO]: [DiscordSRV] Language initialized as English
[18:21:18] [DiscordSRV - Initialization/INFO]: [DiscordSRV] Thank you so much to these people for allowing DiscordSRV to grow to what it is: Ac3dUd3, Androkai, anton8604, buildblox, Bysokar, CoreyD97, DeeKay, Diamondman121314/DMAN, FataL, Foxy, geekhideout, Helmic, KaizenWorlds, LDSG Ghost, Mick, Mitecraft, Rui, Ryan (The Loyal One), Sicnus
[18:21:18] [Server thread/INFO]: [SignShop] Removed an invalid Shop! It should be in 'ASkyBlock' at (-17, 124, 185).
[18:21:18] [Server thread/INFO]: [SignShop] Removed an invalid Shop! It should be in 'ASkyBlock' at (-14, 128, 195).
[18:21:18] [Server thread/INFO]: [SignShop] Removed an invalid Shop! It should be in 'ASkyBlock' at (-6, 127, 193).
[18:21:18] [Server thread/INFO]: [SignShop] Removed an invalid Shop! It should be in 'ASkyBlock' at (-11, 126, 193).
[18:21:18] [Server thread/INFO]: [SignShop] Removed an invalid Shop! It should be in 'ASkyBlock' at (-7, 126, 193).
[18:21:18] [Server thread/INFO]: [SignShop] Removed an invalid Shop! It should be in 'ASkyBlock' at (-8, 127, 193).
[18:21:19] [Server thread/INFO]: [SignShop] v2.11.2 Enabled
[18:21:19] [Server thread/INFO]: [SignShopHotel] Enabling SignShopHotel v1.2.0
[18:21:19] [Server thread/INFO]: [SignShopHotel] Succesfully started Metrics, see http://mcstats.org for more information.
[18:21:19] [Server thread/INFO]: [SignShopHotel] Enabled
[18:21:19] [Server thread/INFO]: Server permissions file permissions.yml is empty, ignoring it
[18:21:19] [Server thread/INFO]: Done (6.592s)! For help, type "help" or "?"
[18:21:19] [Server thread/INFO]: -------- World Settings For [ASkyBlock] --------
[18:21:19] [Server thread/INFO]: Item Merge Radius: 2.5
[18:21:19] [Server thread/INFO]: Item Despawn Rate: 6000
[18:21:19] [Server thread/INFO]: Allow Zombie Pigmen to spawn from portal blocks: true
[18:21:19] [Server thread/INFO]: Arrow Despawn Rate: 1200
[18:21:19] [Server thread/INFO]: View Distance: 10
[18:21:19] [Server thread/INFO]: Zombie Aggressive Towards Villager: true
[18:21:19] [Server thread/INFO]: Experience Merge Radius: 3.0
[18:21:19] [Server thread/INFO]: Nerfing mobs spawned from spawners: false
[18:21:19] [Server thread/INFO]: Max TNT Explosions: 100
[18:21:19] [Server thread/INFO]: Entity Tracking Range: Pl 48 / An 48 / Mo 48 / Mi 32 / Other 64
[18:21:19] [Server thread/INFO]: Mob Spawn Range: 4
[18:21:19] [Server thread/INFO]: Tile Max Tick Time: 50ms Entity max Tick Time: 50ms
[18:21:19] [Server thread/INFO]: Hopper Transfer: 32 Hopper Check: 1 Hopper Amount: 1
[18:21:19] [Server thread/INFO]: Cactus Growth Modifier: 5000%
[18:21:19] [Server thread/INFO]: Cane Growth Modifier: 8000%
[18:21:19] [Server thread/INFO]: Melon Growth Modifier: 7000%
[18:21:19] [Server thread/INFO]: Mushroom Growth Modifier: 100%
[18:21:19] [Server thread/INFO]: Pumpkin Growth Modifier: 7000%
[18:21:19] [Server thread/INFO]: Sapling Growth Modifier: 100%
[18:21:19] [Server thread/INFO]: Wheat Growth Modifier: 500%
[18:21:19] [Server thread/INFO]: NetherWart Growth Modifier: 100%
[18:21:19] [Server thread/INFO]: Vine Growth Modifier: 50%
[18:21:19] [Server thread/INFO]: Cocoa Growth Modifier: 5000%
[18:21:19] [Server thread/INFO]: Random Lighting Updates: false
[18:21:19] [Server thread/INFO]: Structure Info Saving: true
[18:21:19] [Server thread/INFO]: Entity Activation Range: An 32 / Mo 32 / Mi 16
[18:21:19] [Server thread/INFO]: Custom Map Seeds:  Village: 10387312 Feature: 14357617 Monument: 10387313 Slime: 987234911
[18:21:19] [DiscordSRV - Initialization/INFO]: [DiscordSRV] [JDA] Login Successful!
[18:21:19] [Server thread/INFO]: Preparing start region for level 4 (Seed: -6996419123731146911)
[18:21:19] [Server thread/INFO]: [SignShop] Loading shops for world: ASkyBlock
[18:21:19] [Server thread/INFO]: Creating ASkyBlock's Nether...
[18:21:19] [Server thread/INFO]: -------- World Settings For [ASkyBlock_nether] --------
[18:21:19] [Server thread/INFO]: Item Merge Radius: 2.5
[18:21:19] [Server thread/INFO]: Item Despawn Rate: 6000
[18:21:19] [Server thread/INFO]: Allow Zombie Pigmen to spawn from portal blocks: true
[18:21:19] [Server thread/INFO]: Arrow Despawn Rate: 1200
[18:21:19] [Server thread/INFO]: View Distance: 10
[18:21:19] [Server thread/INFO]: Zombie Aggressive Towards Villager: true
[18:21:19] [Server thread/INFO]: Experience Merge Radius: 3.0
[18:21:19] [Server thread/INFO]: Nerfing mobs spawned from spawners: false
[18:21:19] [Server thread/INFO]: Max TNT Explosions: 100
[18:21:19] [Server thread/INFO]: Entity Tracking Range: Pl 48 / An 48 / Mo 48 / Mi 32 / Other 64
[18:21:19] [Server thread/INFO]: Mob Spawn Range: 4
[18:21:19] [Server thread/INFO]: Tile Max Tick Time: 50ms Entity max Tick Time: 50ms
[18:21:19] [Server thread/INFO]: Hopper Transfer: 32 Hopper Check: 1 Hopper Amount: 1
[18:21:19] [Server thread/INFO]: Cactus Growth Modifier: 5000%
[18:21:19] [Server thread/INFO]: Cane Growth Modifier: 8000%
[18:21:19] [Server thread/INFO]: Melon Growth Modifier: 7000%
[18:21:19] [Server thread/INFO]: Mushroom Growth Modifier: 100%
[18:21:19] [Server thread/INFO]: Pumpkin Growth Modifier: 7000%
[18:21:19] [Server thread/INFO]: Sapling Growth Modifier: 100%
[18:21:19] [Server thread/INFO]: Wheat Growth Modifier: 500%
[18:21:19] [Server thread/INFO]: NetherWart Growth Modifier: 100%
[18:21:19] [Server thread/INFO]: Vine Growth Modifier: 50%
[18:21:19] [Server thread/INFO]: Cocoa Growth Modifier: 5000%
[18:21:19] [Server thread/INFO]: Random Lighting Updates: false
[18:21:19] [Server thread/INFO]: Structure Info Saving: true
[18:21:19] [Server thread/INFO]: Entity Activation Range: An 32 / Mo 32 / Mi 16
[18:21:19] [Server thread/INFO]: Custom Map Seeds:  Village: 10387312 Feature: 14357617 Monument: 10387313 Slime: 987234911
[18:21:19] [Craft Scheduler Thread - 1/INFO]: [Vault] You are running the latest version
[18:21:19] [Server thread/INFO]: Preparing start region for level 5 (Seed: -5017571359908632679)
[18:21:19] [Server thread/INFO]: [ASkyBlock] Silencing command feedback for Ops...
[18:21:19] [Server thread/INFO]: Game rule sendCommandFeedback has been updated to false
[18:21:19] [Server thread/INFO]: [ASkyBlock] If you do not want this, do /gamerule sendCommandFeedback true
[18:21:19] [Server thread/INFO]: [ASkyBlock] Checking for new updates...
[18:21:19] [Server thread/INFO]: [0;33;1m[Jobs] Successfully linked with Vault.[m
[18:21:19] [Server thread/INFO]: [ASkyBlock] Loading island grid...
[18:21:19] [Server thread/INFO]: [ASkyBlock] Loading islands.yml
[18:21:19] [JDA MainWS-ReadThread/INFO]: [DiscordSRV] [JDA] Connected to WebSocket
[18:21:19] [Server thread/INFO]: [ASkyBlock] Loading warps...
[18:21:19] [Server thread/INFO]: [ASkyBlock] All files loaded. Ready to play...
[18:21:19] [Server thread/INFO]: [ASkyBlock] Metrics loaded.
[18:21:20] [Craft Scheduler Thread - 2/INFO]: [PlugMan] No update was found.
[18:21:20] [JDA MainWS-ReadThread/INFO]: [DiscordSRV] [JDA] Finished Loading!
[18:21:20] [DiscordSRV - Initialization/INFO]: [DiscordSRV] Found server G:Mine Warriors(393931041523630083)
[18:21:20] [DiscordSRV - Initialization/INFO]: [DiscordSRV] - TC:general(394357964095619093)
[18:21:20] [DiscordSRV - Initialization/INFO]: [DiscordSRV] - TC:help(394358125425197056)
[18:21:20] [DiscordSRV - Initialization/INFO]: [DiscordSRV] - TC:skyblock(394358074443431938)
[18:21:20] [DiscordSRV - Initialization/INFO]: [DiscordSRV] - TC:server(394961839924183051)
[18:21:20] [DiscordSRV - Initialization/INFO]: [DiscordSRV] - TC:console(394979248223289354)
[18:21:20] [DiscordSRV - Initialization/INFO]: [DiscordSRV] Console forwarding assigned to channel TC:console(394979248223289354)
[18:21:20] [DiscordSRV - Initialization/INFO]: [DiscordSRV] No chat plugin hooks enabled
[18:21:20] [Server thread/INFO]: [ASkyBlock] No update available.
